Removed Pin From Net: NetName=MQ2 Pin=KHI GAS-1
Removed Pin From Net: NetName=GND Pin=KHI GAS-3
Removed Pin From Net: NetName=+5 Pin=KHI GAS-4
Removed Member From Class: ClassName=Sheet1 Member=KHI GAS
Change Component Footprint: Designator=DHT22 Old Footprint=JP 1x3 CC New Footprint=JP 1x3 CT
Change component parameters: Designator = "DHT22" ("DHT22"); Footprint = "JP 1x3 CC"; UniqueID = "\RZYNKKTC" ("\RZYNKKTC")
Change component parameters (AddParameter): Name = "Chung_Loai"; Value = "C?m"; VariantName = "[No Variations]"
Change component parameters (AddParameter): Name = "Don_Vi"; Value = "Con"; VariantName = "[No Variations]"
Change component parameters (AddParameter): Name = "Ghi_Chu"; Value = ""; VariantName = "[No Variations]"
Change component parameters (AddParameter): Name = "Kieu_Chan"; Value = ""; VariantName = "[No Variations]"
Change component parameters (AddParameter): Name = "Ma_Hang"; Value = "MH004006"; VariantName = "[No Variations]"
Change component parameters (AddParameter): Name = "Ten_Linh_Kien"; Value = "Jump Ðon Cái 2.54MM 1x20P Th?ng"; VariantName = "[No Variations]"
Added Component: Designator=MQ2(JP 1x4 CT)
Add component (AddParameter): Name = "Chung_Loai"; Value = "C?m"; VariantName = "[No Variations]"
Add component (AddParameter): Name = "Don_Vi"; Value = "Con"; VariantName = "[No Variations]"
Add component (AddParameter): Name = "Ghi_Chu"; Value = ""; VariantName = "[No Variations]"
Add component (AddParameter): Name = "Kieu_Chan"; Value = ""; VariantName = "[No Variations]"
Add component (AddParameter): Name = "Ma_Hang"; Value = "MH004006"; VariantName = "[No Variations]"
Add component (AddParameter): Name = "Ten_Linh_Kien"; Value = "Jump Ðon Cái 2.54MM 1x20P Th?ng"; VariantName = "[No Variations]"
Added Pin To Net: NetName=MQ2 Pin=MQ2-1
Added Pin To Net: NetName=GND Pin=MQ2-3
Added Pin To Net: NetName=+5 Pin=MQ2-4
Added Member To Class: ClassName=Sheet1 Member=Component MQ2
Added Member To Class: ClassName=Sheet1 Member=Component NGUON SV Ngu?n
